{"/Users/glickel/Projects/Redspher/fastify-sematext-stream/index.js": {"path":"/Users/glickel/Projects/Redspher/fastify-sematext-stream/index.js","statementMap":{"0":{"start":{"line":2,"column":22},"end":{"line":4,"column":1}},"1":{"start":{"line":3,"column":4},"end":{"line":3,"column":62}},"2":{"start":{"line":5,"column":0},"end":{"line":5,"column":62}},"3":{"start":{"line":6,"column":0},"end":{"line":6,"column":23}},"4":{"start":{"line":7,"column":15},"end":{"line":7,"column":30}},"5":{"start":{"line":8,"column":16},"end":{"line":8,"column":49}},"6":{"start":{"line":9,"column":16},"end":{"line":16,"column":1}},"7":{"start":{"line":17,"column":26},"end":{"line":17,"column":28}},"8":{"start":{"line":18,"column":23},"end":{"line":35,"column":1}},"9":{"start":{"line":19,"column":16},"end":{"line":19,"column":77}},"10":{"start":{"line":20,"column":4},"end":{"line":34,"column":5}},"11":{"start":{"line":21,"column":8},"end":{"line":21,"column":98}},"12":{"start":{"line":24,"column":24},"end":{"line":28,"column":9}},"13":{"start":{"line":29,"column":8},"end":{"line":32,"column":9}},"14":{"start":{"line":30,"column":12},"end":{"line":30,"column":56}},"15":{"start":{"line":31,"column":12},"end":{"line":31,"column":60}},"16":{"start":{"line":33,"column":8},"end":{"line":33,"column":45}},"17":{"start":{"line":36,"column":15},"end":{"line":51,"column":1}},"18":{"start":{"line":41,"column":8},"end":{"line":43,"column":9}},"19":{"start":{"line":42,"column":12},"end":{"line":42,"column":19}},"20":{"start":{"line":44,"column":8},"end":{"line":48,"column":9}},"21":{"start":{"line":45,"column":12},"end":{"line":47,"column":15}},"22":{"start":{"line":46,"column":16},"end":{"line":46,"column":35}},"23":{"start":{"line":49,"column":8},"end":{"line":49,"column":44}},"24":{"start":{"line":52,"column":14},"end":{"line":52,"column":74}},"25":{"start":{"line":52,"column":33},"end":{"line":52,"column":74}},"26":{"start":{"line":53,"column":0},"end":{"line":53,"column":22}}},"fnMap":{"0":{"name":"(anonymous_0)","decl":{"start":{"line":2,"column":56},"end":{"line":2,"column":57}},"loc":{"start":{"line":2,"column":71},"end":{"line":4,"column":1}},"line":2},"1":{"name":"(anonymous_1)","decl":{"start":{"line":18,"column":23},"end":{"line":18,"column":24}},"loc":{"start":{"line":18,"column":56},"end":{"line":35,"column":1}},"line":18},"2":{"name":"(anonymous_2)","decl":{"start":{"line":40,"column":4},"end":{"line":40,"column":5}},"loc":{"start":{"line":40,"column":15},"end":{"line":50,"column":5}},"line":40},"3":{"name":"(anonymous_3)","decl":{"start":{"line":45,"column":67},"end":{"line":45,"column":68}},"loc":{"start":{"line":45,"column":78},"end":{"line":47,"column":13}},"line":45},"4":{"name":"(anonymous_4)","decl":{"start":{"line":52,"column":14},"end":{"line":52,"column":15}},"loc":{"start":{"line":52,"column":33},"end":{"line":52,"column":74}},"line":52}},"branchMap":{"0":{"loc":{"start":{"line":2,"column":22},"end":{"line":4,"column":1}},"type":"binary-expr","locations":[{"start":{"line":2,"column":23},"end":{"line":2,"column":27}},{"start":{"line":2,"column":31},"end":{"line":2,"column":51}},{"start":{"line":2,"column":56},"end":{"line":4,"column":1}}],"line":2},"1":{"loc":{"start":{"line":3,"column":11},"end":{"line":3,"column":61}},"type":"cond-expr","locations":[{"start":{"line":3,"column":37},"end":{"line":3,"column":40}},{"start":{"line":3,"column":43},"end":{"line":3,"column":61}}],"line":3},"2":{"loc":{"start":{"line":3,"column":12},"end":{"line":3,"column":33}},"type":"binary-expr","locations":[{"start":{"line":3,"column":12},"end":{"line":3,"column":15}},{"start":{"line":3,"column":19},"end":{"line":3,"column":33}}],"line":3},"3":{"loc":{"start":{"line":29,"column":8},"end":{"line":32,"column":9}},"type":"if","locations":[{"start":{"line":29,"column":8},"end":{"line":32,"column":9}},{"start":{},"end":{}}],"line":29},"4":{"loc":{"start":{"line":41,"column":8},"end":{"line":43,"column":9}},"type":"if","locations":[{"start":{"line":41,"column":8},"end":{"line":43,"column":9}},{"start":{},"end":{}}],"line":41},"5":{"loc":{"start":{"line":44,"column":8},"end":{"line":48,"column":9}},"type":"if","locations":[{"start":{"line":44,"column":8},"end":{"line":48,"column":9}},{"start":{},"end":{}}],"line":44},"6":{"loc":{"start":{"line":52,"column":15},"end":{"line":52,"column":28}},"type":"default-arg","locations":[{"start":{"line":52,"column":24},"end":{"line":52,"column":28}}],"line":52}},"s":{"0":1,"1":1,"2":1,"3":1,"4":1,"5":1,"6":1,"7":1,"8":1,"9":0,"10":0,"11":0,"12":0,"13":0,"14":0,"15":0,"16":0,"17":1,"18":2,"19":2,"20":0,"21":0,"22":0,"23":0,"24":1,"25":2,"26":1},"f":{"0":1,"1":0,"2":2,"3":0,"4":2},"b":{"0":[1,1,1],"1":[0,1],"2":[1,1],"3":[0,0],"4":[2,0],"5":[0,0],"6":[2]},"inputSourceMap":null,"_coverageSchema":"1a1c01bbd47fc00a2c39e90264f33305004495a9","hash":"11613baaf011eed0195b5d98a63518023130b04f"}
}
